0 info it worked if it ends with ok
1 verbose cli [ 'node', '/usr/local/bin/npm', 'install' ]
2 info using npm@1.4.28
3 info using node@v0.10.33
4 verbose readDependencies using package.json deps
5 verbose install where, deps [ '/Users/danbradley/Documents/c9v3',
5 verbose install   [ 'amd-loader',
5 verbose install     'base64id',
5 verbose install     'cookie',
5 verbose install     'cookie-signature',
5 verbose install     'debug',
5 verbose install     'react',
5 verbose install     'node-jsx',
5 verbose install     'engine.io',
5 verbose install     'engine.io-client',
5 verbose install     'mime',
5 verbose install     'msgpack-js',
5 verbose install     'msgpack-js-browser',
5 verbose install     'netutil',
5 verbose install     'optimist',
5 verbose install     'request',
5 verbose install     'qs',
5 verbose install     'requirejs',
5 verbose install     'simple-mime',
5 verbose install     'source-map',
5 verbose install     'formidable',
5 verbose install     'node-uuid',
5 verbose install     'less',
5 verbose install     'nopt',
5 verbose install     'node-proxy',
5 verbose install     'xmlhttprequest',
5 verbose install     'rusha',
5 verbose install     'passport',
5 verbose install     'passport-github',
5 verbose install     'passport-bitbucket',
5 verbose install     'passport-local',
5 verbose install     'passport-oauth',
5 verbose install     'passport-http',
5 verbose install     'passport-oauth2-client-password',
5 verbose install     'passport-http-bearer',
5 verbose install     'send',
5 verbose install     'http-error',
5 verbose install     'async',
5 verbose install     'email-validator',
5 verbose install     'oauth2orize',
5 verbose install     'mongoose',
5 verbose install     'ejs',
5 verbose install     'redis',
5 verbose install     'connect-redis',
5 verbose install     'restler',
5 verbose install     'tmp',
5 verbose install     'stripe',
5 verbose install     'dogapi',
5 verbose install     'node-dogstatsd',
5 verbose install     'lodash',
5 verbose install     'dockerode',
5 verbose install     'amqp',
5 verbose install     'http-proxy',
5 verbose install     'raygun',
5 verbose install     'uglify-js',
5 verbose install     'connect',
5 verbose install     'connect-flash',
5 verbose install     'connect-ensure-login',
5 verbose install     'simple-template',
5 verbose install     'pty.js',
5 verbose install     'minimatch',
5 verbose install     'ws',
5 verbose install     'mkdirp',
5 verbose install     'through',
5 verbose install     'isbinaryfile',
5 verbose install     'simplefunc',
5 verbose install     'architect',
5 verbose install     'architect-build',
5 verbose install     'ace',
5 verbose install     'ace_tree',
5 verbose install     'connect-architect',
5 verbose install     'ua-parser-js',
5 verbose install     'frontdoor',
5 verbose install     'vfs-nodefs-adapter',
5 verbose install     'vfs-child',
5 verbose install     'vfs-http-adapter',
5 verbose install     'vfs-lint',
5 verbose install     'vfs-ssh',
5 verbose install     'vfs-socket',
5 verbose install     'kaefer',
5 verbose install     'c9',
5 verbose install     'treehugger',
5 verbose install     'smith',
5 verbose install     'analytics-node',
5 verbose install     'underscore',
5 verbose install     'fluent-logger',
5 verbose install     'heapdump',
5 verbose install     'zuora',
5 verbose install     'xml2js',
5 verbose install     'soap',
5 verbose install     'restify',
5 verbose install     'autoprefixer-core',
5 verbose install     'moment',
5 verbose install     'asyncjs',
5 verbose install     'chai',
5 verbose install     'jsdom',
5 verbose install     'lru-cache',
5 verbose install     'mocha',
5 verbose install     'nak',
5 verbose install     'nock',
5 verbose install     'sequelize',
5 verbose install     'sigmund',
5 verbose install     'sinon',
5 verbose install     'sqlite3',
5 verbose install     'stack',
5 verbose install     'wd' ] ]
6 info preinstall c9@3.0.645
7 verbose unsafe-perm in lifecycle true
8 warn package.json ace_tree@0.1.0 No description
9 warn package.json ace_tree@0.1.0 No repository field.
10 warn package.json ace_tree@0.1.0 No README data
11 warn package.json http-error@0.0.5 No README data
12 warn package.json kaefer@0.1.0 No repository field.
13 warn package.json kaefer@0.1.0 No README data
14 warn package.json msgpack-js-browser@0.1.4 'repositories' (plural) Not supported. Please pick one as the 'repository' field
15 warn package.json oauth2orize@0.1.0 No README data
16 warn package.json passport-local@0.1.6 No README data
17 warn package.json simple-template@0.0.1 No README data
18 warn package.json vfs-nodefs-adapter@0.3.0 No README data
19 warn package.json cookie-signature@1.0.1 No repository field.
20 warn package.json jsdom@0.2.19 'repositories' (plural) Not supported. Please pick one as the 'repository' field
21 warn package.json node-proxy@0.7.0 'repositories' (plural) Not supported. Please pick one as the 'repository' field
22 warn package.json restler@2.0.1 No repository field.
23 warn package.json stack@0.1.0 bugs['name'] should probably be bugs['url'].
24 warn package.json vfs-lint@0.0.1 No README data
25 verbose readDependencies using package.json deps
26 verbose already installed skipping msgpack-js-browser@~0.1.4 /Users/danbradley/Documents/c9v3
27 verbose already installed skipping netutil@~0.0.1 /Users/danbradley/Documents/c9v3
28 verbose already installed skipping optimist@~0.6.0 /Users/danbradley/Documents/c9v3
29 verbose already installed skipping request@~2.12.0 /Users/danbradley/Documents/c9v3
30 verbose already installed skipping qs@0.6.6 /Users/danbradley/Documents/c9v3
31 verbose already installed skipping requirejs@~2.1.4 /Users/danbradley/Documents/c9v3
32 verbose already installed skipping simple-mime@~0.0.8 /Users/danbradley/Documents/c9v3
33 verbose already installed skipping source-map@~0.1.9 /Users/danbradley/Documents/c9v3
34 verbose already installed skipping formidable@1.0.14 /Users/danbradley/Documents/c9v3
35 verbose already installed skipping node-uuid@~1.4.0 /Users/danbradley/Documents/c9v3
36 verbose already installed skipping less@~1.5.1 /Users/danbradley/Documents/c9v3
37 verbose already installed skipping nopt@~1 /Users/danbradley/Documents/c9v3
38 verbose already installed skipping node-proxy@~0.7.0 /Users/danbradley/Documents/c9v3
39 verbose already installed skipping xmlhttprequest@~1.6.0 /Users/danbradley/Documents/c9v3
40 verbose already installed skipping rusha@~0.7.2 /Users/danbradley/Documents/c9v3
41 verbose already installed skipping passport@~0.1.16 /Users/danbradley/Documents/c9v3
42 verbose already installed skipping passport-github@0.1.5 /Users/danbradley/Documents/c9v3
43 verbose already installed skipping passport-bitbucket@~0.1.2 /Users/danbradley/Documents/c9v3
44 verbose already installed skipping passport-local@~0.1.6 /Users/danbradley/Documents/c9v3
45 verbose already installed skipping passport-oauth@~0.1.15 /Users/danbradley/Documents/c9v3
46 verbose already installed skipping passport-http@~0.2.1 /Users/danbradley/Documents/c9v3
47 verbose already installed skipping passport-oauth2-client-password@~0.1.0 /Users/danbradley/Documents/c9v3
48 verbose already installed skipping passport-http-bearer@~0.2.1 /Users/danbradley/Documents/c9v3
49 verbose already installed skipping send@~0.1.4 /Users/danbradley/Documents/c9v3
50 verbose already installed skipping http-error@~0.0.5 /Users/danbradley/Documents/c9v3
51 verbose already installed skipping async@~0.2.7 /Users/danbradley/Documents/c9v3
52 verbose already installed skipping email-validator@~0.1.2 /Users/danbradley/Documents/c9v3
53 verbose already installed skipping oauth2orize@~0.1.0 /Users/danbradley/Documents/c9v3
54 verbose already installed skipping mongoose@~3.6.9 /Users/danbradley/Documents/c9v3
55 verbose already installed skipping ejs@~0.8.3 /Users/danbradley/Documents/c9v3
56 verbose already installed skipping redis@~0.12.0 /Users/danbradley/Documents/c9v3
57 verbose already installed skipping connect-redis@~1.4.5 /Users/danbradley/Documents/c9v3
58 verbose already installed skipping restler@2.0.1 /Users/danbradley/Documents/c9v3
59 verbose already installed skipping tmp@~0.0.20 /Users/danbradley/Documents/c9v3
60 verbose already installed skipping stripe@~2.4.2 /Users/danbradley/Documents/c9v3
61 verbose already installed skipping dogapi@~0.1.4 /Users/danbradley/Documents/c9v3
62 verbose already installed skipping node-dogstatsd@~0.0.4 /Users/danbradley/Documents/c9v3
63 verbose already installed skipping lodash@~2.4.1 /Users/danbradley/Documents/c9v3
64 verbose already installed skipping dockerode@~1.2.8 /Users/danbradley/Documents/c9v3
65 verbose already installed skipping amqp@0.1.6 /Users/danbradley/Documents/c9v3
66 verbose already installed skipping http-proxy@~1.1.2 /Users/danbradley/Documents/c9v3
67 verbose already installed skipping raygun@~0.4.1 /Users/danbradley/Documents/c9v3
68 verbose already installed skipping uglify-js@2.4.15 /Users/danbradley/Documents/c9v3
69 verbose already installed skipping connect@~2.12.0 /Users/danbradley/Documents/c9v3
70 verbose already installed skipping connect-flash@~0.1.0 /Users/danbradley/Documents/c9v3
71 verbose already installed skipping connect-ensure-login@~0.1.0 /Users/danbradley/Documents/c9v3
72 verbose already installed skipping simple-template@0.0.1 /Users/danbradley/Documents/c9v3
73 verbose already installed skipping pty.js@~0.2.3 /Users/danbradley/Documents/c9v3
74 verbose already installed skipping minimatch@0.2.11 /Users/danbradley/Documents/c9v3
75 verbose already installed skipping ws@0.4.31 /Users/danbradley/Documents/c9v3
76 verbose already installed skipping mkdirp@~0.3.5 /Users/danbradley/Documents/c9v3
77 verbose already installed skipping through@2.2.0 /Users/danbradley/Documents/c9v3
78 verbose already installed skipping isbinaryfile@ /Users/danbradley/Documents/c9v3
79 verbose already installed skipping simplefunc@0.0.2 /Users/danbradley/Documents/c9v3
80 verbose already installed skipping architect@0.1.11 /Users/danbradley/Documents/c9v3
81 verbose already installed skipping architect-build@0.1.0 /Users/danbradley/Documents/c9v3
82 verbose already installed skipping ace@* /Users/danbradley/Documents/c9v3
83 verbose already installed skipping ace_tree@0.1.0 /Users/danbradley/Documents/c9v3
84 verbose already installed skipping connect-architect@0.2.0 /Users/danbradley/Documents/c9v3
85 verbose already installed skipping ua-parser-js@~0.7.0 /Users/danbradley/Documents/c9v3
86 verbose already installed skipping frontdoor@0.0.1 /Users/danbradley/Documents/c9v3
87 verbose already installed skipping vfs-nodefs-adapter@0.3.0 /Users/danbradley/Documents/c9v3
88 verbose already installed skipping vfs-child@0.3.0 /Users/danbradley/Documents/c9v3
89 verbose already installed skipping vfs-http-adapter@0.2.3 /Users/danbradley/Documents/c9v3
90 verbose already installed skipping vfs-lint@0.0.1 /Users/danbradley/Documents/c9v3
91 verbose already installed skipping vfs-ssh@0.3.7 /Users/danbradley/Documents/c9v3
92 verbose already installed skipping vfs-socket@~0.3.13 /Users/danbradley/Documents/c9v3
93 verbose already installed skipping kaefer@0.1.0 /Users/danbradley/Documents/c9v3
94 verbose already installed skipping c9@0.1.0 /Users/danbradley/Documents/c9v3
95 verbose already installed skipping treehugger@0.0.2 /Users/danbradley/Documents/c9v3
96 verbose already installed skipping smith@~0.1.22 /Users/danbradley/Documents/c9v3
97 verbose already installed skipping analytics-node@~1.0.4 /Users/danbradley/Documents/c9v3
98 verbose already installed skipping underscore@1.3.1 /Users/danbradley/Documents/c9v3
99 verbose already installed skipping fluent-logger@0.2.6 /Users/danbradley/Documents/c9v3
100 verbose already installed skipping heapdump@0.2.10 /Users/danbradley/Documents/c9v3
101 verbose already installed skipping zuora@^0.1.7 /Users/danbradley/Documents/c9v3
102 verbose already installed skipping xml2js@^0.4.4 /Users/danbradley/Documents/c9v3
103 verbose already installed skipping soap@~0.6.0 /Users/danbradley/Documents/c9v3
104 verbose already installed skipping restify@~2.8.3 /Users/danbradley/Documents/c9v3
105 verbose already installed skipping autoprefixer-core@~4.0.2 /Users/danbradley/Documents/c9v3
106 verbose already installed skipping moment@~2.8.4 /Users/danbradley/Documents/c9v3
107 verbose already installed skipping asyncjs@0.0.x /Users/danbradley/Documents/c9v3
108 verbose already installed skipping chai@~1.5.0 /Users/danbradley/Documents/c9v3
109 verbose already installed skipping jsdom@0.2.x /Users/danbradley/Documents/c9v3
110 verbose already installed skipping lru-cache@2.2.2 /Users/danbradley/Documents/c9v3
111 verbose already installed skipping mocha@~1.8.1 /Users/danbradley/Documents/c9v3
112 verbose cache add [ 'nak@https://github.com/c9/nak/tarball/c9', null ]
113 verbose cache add name=undefined spec="nak@https://github.com/c9/nak/tarball/c9" args=["nak@https://github.com/c9/nak/tarball/c9",null]
114 verbose parsed url { protocol: null,
114 verbose parsed url   slashes: null,
114 verbose parsed url   auth: null,
114 verbose parsed url   host: null,
114 verbose parsed url   port: null,
114 verbose parsed url   hostname: null,
114 verbose parsed url   hash: null,
114 verbose parsed url   search: null,
114 verbose parsed url   query: null,
114 verbose parsed url   pathname: 'nak@https://github.com/c9/nak/tarball/c9',
114 verbose parsed url   path: 'nak@https://github.com/c9/nak/tarball/c9',
114 verbose parsed url   href: 'nak@https://github.com/c9/nak/tarball/c9' }
115 verbose already installed skipping nock@^0.51.0 /Users/danbradley/Documents/c9v3
116 verbose already installed skipping sequelize@2.0.0-beta.0 /Users/danbradley/Documents/c9v3
117 verbose cache add name="nak" spec="https://github.com/c9/nak/tarball/c9" args=["nak","https://github.com/c9/nak/tarball/c9"]
118 verbose parsed url { protocol: 'https:',
118 verbose parsed url   slashes: true,
118 verbose parsed url   auth: null,
118 verbose parsed url   host: 'github.com',
118 verbose parsed url   port: null,
118 verbose parsed url   hostname: 'github.com',
118 verbose parsed url   hash: null,
118 verbose parsed url   search: null,
118 verbose parsed url   query: null,
118 verbose parsed url   pathname: '/c9/nak/tarball/c9',
118 verbose parsed url   path: '/c9/nak/tarball/c9',
118 verbose parsed url   href: 'https://github.com/c9/nak/tarball/c9' }
119 verbose already installed skipping sigmund@1.0.0 /Users/danbradley/Documents/c9v3
120 silly lockFile 931e8288-tps-github-com-c9-nak-tarball-c9 https://github.com/c9/nak/tarball/c9
121 verbose lock https://github.com/c9/nak/tarball/c9 /Users/danbradley/.npm/931e8288-tps-github-com-c9-nak-tarball-c9.lock
122 verbose already installed skipping sinon@~1.7.3 /Users/danbradley/Documents/c9v3
123 verbose addRemoteTarball [ 'https://github.com/c9/nak/tarball/c9', null ]
124 verbose already installed skipping sqlite3@2.1.18 /Users/danbradley/Documents/c9v3
125 info retry fetch attempt 1 at 16:43:36
126 verbose fetch to= /var/folders/h7/ggx_9sb57531cjtjbhrf2l8c0000gp/T/npm-8486-yi1emfC5/github.com/c9/nak/tarball/c9
127 verbose already installed skipping stack@0.1.0 /Users/danbradley/Documents/c9v3
128 http GET https://github.com/c9/nak/tarball/c9
129 verbose already installed skipping wd@0.2.0 /Users/danbradley/Documents/c9v3
130 verbose already installed skipping amd-loader@~0.0.5 /Users/danbradley/Documents/c9v3
131 verbose already installed skipping base64id@~0.1.0 /Users/danbradley/Documents/c9v3
132 verbose already installed skipping cookie@0.1.0 /Users/danbradley/Documents/c9v3
133 verbose already installed skipping cookie-signature@1.0.1 /Users/danbradley/Documents/c9v3
134 verbose already installed skipping debug@~0.7.0 /Users/danbradley/Documents/c9v3
135 verbose already installed skipping react@~0.12.1 /Users/danbradley/Documents/c9v3
136 verbose already installed skipping node-jsx@~0.12.4 /Users/danbradley/Documents/c9v3
137 verbose already installed skipping engine.io@~1.3.1 /Users/danbradley/Documents/c9v3
138 verbose already installed skipping engine.io-client@~1.3.1 /Users/danbradley/Documents/c9v3
139 verbose already installed skipping mime@~1.2.9 /Users/danbradley/Documents/c9v3
140 verbose already installed skipping msgpack-js@~0.1.1 /Users/danbradley/Documents/c9v3
141 http 200 https://github.com/c9/nak/tarball/c9
142 verbose tar unpack /var/folders/h7/ggx_9sb57531cjtjbhrf2l8c0000gp/T/npm-8486-yi1emfC5/github.com/c9/nak/tarball/c9
143 silly lockFile 796496c0-hub-com-c9-nak-tarball-c9-unpack tar:///var/folders/h7/ggx_9sb57531cjtjbhrf2l8c0000gp/T/npm-8486-yi1emfC5/github.com/c9/nak/tarball/c9-unpack
144 verbose lock tar:///var/folders/h7/ggx_9sb57531cjtjbhrf2l8c0000gp/T/npm-8486-yi1emfC5/github.com/c9/nak/tarball/c9-unpack /Users/danbradley/.npm/796496c0-hub-com-c9-nak-tarball-c9-unpack.lock
145 silly lockFile 142dd23f-fC5-github-com-c9-nak-tarball-c9 tar:///var/folders/h7/ggx_9sb57531cjtjbhrf2l8c0000gp/T/npm-8486-yi1emfC5/github.com/c9/nak/tarball/c9
146 verbose lock tar:///var/folders/h7/ggx_9sb57531cjtjbhrf2l8c0000gp/T/npm-8486-yi1emfC5/github.com/c9/nak/tarball/c9 /Users/danbradley/.npm/142dd23f-fC5-github-com-c9-nak-tarball-c9.lock
147 silly gunzTarPerm modes [ '755', '644' ]
148 silly gunzTarPerm extractEntry
149 silly gunzTarPerm modified mode [ '', 509, 493 ]
150 silly gunzTarPerm extractEntry .gitignore
151 silly gunzTarPerm modified mode [ '.gitignore', 436, 420 ]
152 silly gunzTarPerm extractEntry .nakignore
153 silly gunzTarPerm modified mode [ '.nakignore', 436, 420 ]
154 silly gunzTarPerm extractEntry .travis.yml
155 silly gunzTarPerm modified mode [ '.travis.yml', 436, 420 ]
156 silly gunzTarPerm extractEntry LICENSE.txt
157 silly gunzTarPerm modified mode [ 'LICENSE.txt', 436, 420 ]
158 silly gunzTarPerm extractEntry README.md
159 silly gunzTarPerm modified mode [ 'README.md', 436, 420 ]
160 silly gunzTarPerm extractEntry benchmark/
161 silly gunzTarPerm modified mode [ 'benchmark/', 509, 493 ]
162 silly gunzTarPerm extractEntry benchmark/benchmark.js
163 silly gunzTarPerm modified mode [ 'benchmark/benchmark.js', 436, 420 ]
164 silly gunzTarPerm extractEntry bin/
165 silly gunzTarPerm modified mode [ 'bin/', 509, 493 ]
166 silly gunzTarPerm extractEntry bin/nak
167 silly gunzTarPerm modified mode [ 'bin/nak', 509, 493 ]
168 silly gunzTarPerm extractEntry compile.js
169 silly gunzTarPerm modified mode [ 'compile.js', 436, 420 ]
170 silly gunzTarPerm extractEntry lib/
171 silly gunzTarPerm modified mode [ 'lib/', 509, 493 ]
172 silly gunzTarPerm extractEntry lib/finalizer.js
173 silly gunzTarPerm modified mode [ 'lib/finalizer.js', 436, 420 ]
174 silly gunzTarPerm extractEntry lib/mergesort.js
175 silly gunzTarPerm modified mode [ 'lib/mergesort.js', 436, 420 ]
176 silly gunzTarPerm extractEntry lib/nak.js
177 silly gunzTarPerm modified mode [ 'lib/nak.js', 436, 420 ]
178 silly gunzTarPerm extractEntry lib/options.js
179 silly gunzTarPerm modified mode [ 'lib/options.js', 436, 420 ]
180 silly gunzTarPerm extractEntry lib/path-filter.js
181 silly gunzTarPerm modified mode [ 'lib/path-filter.js', 436, 420 ]
182 silly gunzTarPerm extractEntry lib/walkdir.js
183 silly gunzTarPerm modified mode [ 'lib/walkdir.js', 436, 420 ]
184 silly gunzTarPerm extractEntry package.json
185 silly gunzTarPerm modified mode [ 'package.json', 436, 420 ]
186 silly gunzTarPerm extractEntry script/
187 silly gunzTarPerm modified mode [ 'script/', 509, 493 ]
188 silly gunzTarPerm extractEntry script/profiler
189 silly gunzTarPerm modified mode [ 'script/profiler', 509, 493 ]
190 silly gunzTarPerm extractEntry tests/
191 silly gunzTarPerm modified mode [ 'tests/', 509, 493 ]
192 silly gunzTarPerm extractEntry tests/.nakignore
193 silly gunzTarPerm modified mode [ 'tests/.nakignore', 436, 420 ]
194 silly gunzTarPerm extractEntry tests/filelist_fixtures/
195 silly gunzTarPerm modified mode [ 'tests/filelist_fixtures/', 509, 493 ]
196 silly gunzTarPerm extractEntry tests/filelist_fixtures/.root/
197 silly gunzTarPerm modified mode [ 'tests/filelist_fixtures/.root/', 509, 493 ]
198 silly gunzTarPerm extractEntry tests/filelist_fixtures/.root/a.txt
199 silly gunzTarPerm modified mode [ 'tests/filelist_fixtures/.root/a.txt', 436, 420 ]
200 silly gunzTarPerm extractEntry tests/filelist_fixtures/.root/b.txt
201 silly gunzTarPerm modified mode [ 'tests/filelist_fixtures/.root/b.txt', 436, 420 ]
202 silly gunzTarPerm extractEntry tests/filelist_fixtures/.root/p.txt
203 silly gunzTarPerm modified mode [ 'tests/filelist_fixtures/.root/p.txt', 436, 420 ]
204 silly gunzTarPerm extractEntry tests/filelist_fixtures/.root/subdir/
205 silly gunzTarPerm modified mode [ 'tests/filelist_fixtures/.root/subdir/', 509, 493 ]
206 silly gunzTarPerm extractEntry tests/filelist_fixtures/.root/subdir/.realhidden
207 silly gunzTarPerm modified mode [ 'tests/filelist_fixtures/.root/subdir/.realhidden', 436, 420 ]
208 silly gunzTarPerm extractEntry tests/filelist_fixtures/.root/subdir/1.txt
209 silly gunzTarPerm modified mode [ 'tests/filelist_fixtures/.root/subdir/1.txt', 436, 420 ]
210 silly gunzTarPerm extractEntry tests/filelist_fixtures/.root/subdir/foo.js
211 silly gunzTarPerm modified mode [ 'tests/filelist_fixtures/.root/subdir/foo.js', 436, 420 ]
212 silly gunzTarPerm extractEntry tests/filelist_fixtures/1.txt
213 silly gunzTarPerm modified mode [ 'tests/filelist_fixtures/1.txt', 436, 420 ]
214 silly gunzTarPerm extractEntry tests/filelist_fixtures/foo.js
215 silly gunzTarPerm modified mode [ 'tests/filelist_fixtures/foo.js', 436, 420 ]
216 silly gunzTarPerm extractEntry tests/filelist_fixtures/level1/
217 silly gunzTarPerm modified mode [ 'tests/filelist_fixtures/level1/', 509, 493 ]
218 silly gunzTarPerm extractEntry tests/filelist_fixtures/level1/Toasty.gif
219 silly gunzTarPerm modified mode [ 'tests/filelist_fixtures/level1/Toasty.gif', 436, 420 ]
220 silly gunzTarPerm extractEntry tests/filelist_fixtures/level1/level2/
221 silly gunzTarPerm modified mode [ 'tests/filelist_fixtures/level1/level2/', 509, 493 ]
222 silly gunzTarPerm extractEntry tests/filelist_fixtures/level1/level2/.hidden
223 silly gunzTarPerm modified mode [ 'tests/filelist_fixtures/level1/level2/.hidden', 436, 420 ]
224 silly gunzTarPerm extractEntry tests/filelist_fixtures/level1/level2/.level3a/
225 silly gunzTarPerm modified mode [ 'tests/filelist_fixtures/level1/level2/.level3a/', 509, 493 ]
226 silly gunzTarPerm extractEntry tests/filelist_fixtures/level1/level2/.level3a/.hidden
227 silly gunzTarPerm modified mode [ 'tests/filelist_fixtures/level1/level2/.level3a/.hidden',
227 silly gunzTarPerm   436,
227 silly gunzTarPerm   420 ]
228 silly gunzTarPerm extractEntry tests/filelist_fixtures/level1/level2/.level3a/nothere.txt
229 silly gunzTarPerm modified mode [ 'tests/filelist_fixtures/level1/level2/.level3a/nothere.txt',
229 silly gunzTarPerm   436,
229 silly gunzTarPerm   420 ]
230 silly gunzTarPerm extractEntry tests/filelist_fixtures/level1/level2/level2.rb
231 silly gunzTarPerm modified mode [ 'tests/filelist_fixtures/level1/level2/level2.rb', 436, 420 ]
232 silly gunzTarPerm extractEntry tests/filelist_fixtures/level1/level2/level3/
233 silly gunzTarPerm modified mode [ 'tests/filelist_fixtures/level1/level2/level3/', 509, 493 ]
234 silly gunzTarPerm extractEntry tests/filelist_fixtures/level1/level2/level3/level4/
235 silly gunzTarPerm modified mode [ 'tests/filelist_fixtures/level1/level2/level3/level4/',
235 silly gunzTarPerm   509,
235 silly gunzTarPerm   493 ]
236 silly gunzTarPerm extractEntry tests/filelist_fixtures/level1/level2/level3/level4/level4.txt
237 silly gunzTarPerm modified mode [ 'tests/filelist_fixtures/level1/level2/level3/level4/level4.txt',
237 silly gunzTarPerm   436,
237 silly gunzTarPerm   420 ]
238 silly gunzTarPerm extractEntry tests/filelist_fixtures/symlink-to-1.txt
239 silly gunzTarPerm modified mode [ 'tests/filelist_fixtures/symlink-to-1.txt', 511, 493 ]
240 silly gunzTarPerm extractEntry tests/filelist_fixtures/symlink-to-nowhere.txt
241 silly gunzTarPerm modified mode [ 'tests/filelist_fixtures/symlink-to-nowhere.txt', 511, 493 ]
242 silly gunzTarPerm extractEntry tests/filelist_test.js
243 silly gunzTarPerm modified mode [ 'tests/filelist_test.js', 436, 420 ]
244 silly gunzTarPerm extractEntry tests/replace_fixtures/
245 silly gunzTarPerm modified mode [ 'tests/replace_fixtures/', 509, 493 ]
246 silly gunzTarPerm extractEntry tests/replace_fixtures/source/
247 silly gunzTarPerm modified mode [ 'tests/replace_fixtures/source/', 509, 493 ]
248 silly gunzTarPerm extractEntry tests/replace_fixtures/source/search_file1.txt
249 silly gunzTarPerm modified mode [ 'tests/replace_fixtures/source/search_file1.txt', 436, 420 ]
250 silly gunzTarPerm extractEntry tests/replace_fixtures/source/search_file2.txt
251 silly gunzTarPerm modified mode [ 'tests/replace_fixtures/source/search_file2.txt', 436, 420 ]
252 silly gunzTarPerm extractEntry tests/replace_fixtures/source/search_file3.txt
253 silly gunzTarPerm modified mode [ 'tests/replace_fixtures/source/search_file3.txt', 436, 420 ]
254 silly gunzTarPerm extractEntry tests/replace_fixtures/source/search_file4.txt
255 silly gunzTarPerm modified mode [ 'tests/replace_fixtures/source/search_file4.txt', 436, 420 ]
256 silly gunzTarPerm extractEntry tests/replace_fixtures/source/search_file5.txt
257 silly gunzTarPerm modified mode [ 'tests/replace_fixtures/source/search_file5.txt', 436, 420 ]
258 silly gunzTarPerm extractEntry tests/replace_test.js
259 silly gunzTarPerm modified mode [ 'tests/replace_test.js', 436, 420 ]
260 silly gunzTarPerm extractEntry tests/search_fixtures/
261 silly gunzTarPerm modified mode [ 'tests/search_fixtures/', 509, 493 ]
262 silly gunzTarPerm extractEntry tests/search_fixtures/.file8_hidden.js
263 silly gunzTarPerm modified mode [ 'tests/search_fixtures/.file8_hidden.js', 436, 420 ]
264 silly gunzTarPerm extractEntry tests/search_fixtures/.gitignore
265 silly gunzTarPerm modified mode [ 'tests/search_fixtures/.gitignore', 436, 420 ]
266 silly gunzTarPerm extractEntry tests/search_fixtures/.nakignore
267 silly gunzTarPerm modified mode [ 'tests/search_fixtures/.nakignore', 436, 420 ]
268 silly gunzTarPerm extractEntry tests/search_fixtures/.root/
269 silly gunzTarPerm modified mode [ 'tests/search_fixtures/.root/', 509, 493 ]
270 silly gunzTarPerm extractEntry tests/search_fixtures/.root/file3.txt
271 silly gunzTarPerm modified mode [ 'tests/search_fixtures/.root/file3.txt', 436, 420 ]
272 silly gunzTarPerm extractEntry tests/search_fixtures/.root/subdir/
273 silly gunzTarPerm modified mode [ 'tests/search_fixtures/.root/subdir/', 509, 493 ]
274 silly gunzTarPerm extractEntry tests/search_fixtures/.root/subdir/.realhidden
275 silly gunzTarPerm modified mode [ 'tests/search_fixtures/.root/subdir/.realhidden', 436, 420 ]
276 silly gunzTarPerm extractEntry tests/search_fixtures/.root/subdir/file1.txt
277 silly gunzTarPerm modified mode [ 'tests/search_fixtures/.root/subdir/file1.txt', 436, 420 ]
278 silly gunzTarPerm extractEntry tests/search_fixtures/dir/
279 silly gunzTarPerm modified mode [ 'tests/search_fixtures/dir/', 509, 493 ]
280 silly gunzTarPerm extractEntry tests/search_fixtures/dir/file7_ignorable.rb
281 silly gunzTarPerm modified mode [ 'tests/search_fixtures/dir/file7_ignorable.rb', 436, 420 ]
282 silly gunzTarPerm extractEntry tests/search_fixtures/file1.txt
283 silly gunzTarPerm modified mode [ 'tests/search_fixtures/file1.txt', 436, 420 ]
284 silly gunzTarPerm extractEntry tests/search_fixtures/file2.txt
285 silly gunzTarPerm modified mode [ 'tests/search_fixtures/file2.txt', 436, 420 ]
286 silly gunzTarPerm extractEntry tests/search_fixtures/file3.txt
287 silly gunzTarPerm modified mode [ 'tests/search_fixtures/file3.txt', 436, 420 ]
288 silly gunzTarPerm extractEntry tests/search_fixtures/file4_noext
289 silly gunzTarPerm modified mode [ 'tests/search_fixtures/file4_noext', 436, 420 ]
290 silly gunzTarPerm extractEntry tests/search_fixtures/file5_not_really_image.gif
291 silly gunzTarPerm modified mode [ 'tests/search_fixtures/file5_not_really_image.gif', 436, 420 ]
292 silly gunzTarPerm extractEntry tests/search_fixtures/file6_contains_nonascii.dat
293 silly gunzTarPerm modified mode [ 'tests/search_fixtures/file6_contains_nonascii.dat', 436, 420 ]
294 silly gunzTarPerm extractEntry tests/search_fixtures/file9_ignored_by_this_dir.txt
295 silly gunzTarPerm modified mode [ 'tests/search_fixtures/file9_ignored_by_this_dir.txt',
295 silly gunzTarPerm   436,
295 silly gunzTarPerm   420 ]
296 silly gunzTarPerm extractEntry tests/search_fixtures/newdir/
297 silly gunzTarPerm modified mode [ 'tests/search_fixtures/newdir/', 509, 493 ]
298 silly gunzTarPerm extractEntry tests/search_fixtures/newdir/deep_dir.js
299 silly gunzTarPerm modified mode [ 'tests/search_fixtures/newdir/deep_dir.js', 436, 420 ]
300 silly gunzTarPerm extractEntry tests/search_fixtures/symlink-to-file1.txt
301 silly gunzTarPerm modified mode [ 'tests/search_fixtures/symlink-to-file1.txt', 511, 493 ]
302 silly gunzTarPerm extractEntry tests/search_fixtures/thai.txt
303 silly gunzTarPerm modified mode [ 'tests/search_fixtures/thai.txt', 436, 420 ]
304 silly gunzTarPerm extractEntry tests/search_test.js
305 silly gunzTarPerm modified mode [ 'tests/search_test.js', 436, 420 ]
306 silly gunzTarPerm extractEntry tests/sorting_fixtures/
307 silly gunzTarPerm modified mode [ 'tests/sorting_fixtures/', 509, 493 ]
308 silly gunzTarPerm extractEntry tests/sorting_fixtures/README.md
309 silly gunzTarPerm modified mode [ 'tests/sorting_fixtures/README.md', 436, 420 ]
310 silly gunzTarPerm extractEntry tests/sorting_fixtures/a.txt
311 silly gunzTarPerm modified mode [ 'tests/sorting_fixtures/a.txt', 436, 420 ]
312 silly gunzTarPerm extractEntry tests/sorting_fixtures/b.txt
313 silly gunzTarPerm modified mode [ 'tests/sorting_fixtures/b.txt', 436, 420 ]
314 silly gunzTarPerm extractEntry tests/sorting_fixtures/n_folder/
315 silly gunzTarPerm modified mode [ 'tests/sorting_fixtures/n_folder/', 509, 493 ]
316 silly gunzTarPerm extractEntry tests/sorting_fixtures/n_folder/BBB.txt
317 silly gunzTarPerm modified mode [ 'tests/sorting_fixtures/n_folder/BBB.txt', 436, 420 ]
318 silly gunzTarPerm extractEntry tests/sorting_fixtures/n_folder/ZZZ.txt
319 silly gunzTarPerm modified mode [ 'tests/sorting_fixtures/n_folder/ZZZ.txt', 436, 420 ]
320 silly gunzTarPerm extractEntry tests/sorting_fixtures/n_folder/www/
321 silly gunzTarPerm modified mode [ 'tests/sorting_fixtures/n_folder/www/', 509, 493 ]
322 silly gunzTarPerm extractEntry tests/sorting_fixtures/n_folder/www/a.txt
323 silly gunzTarPerm modified mode [ 'tests/sorting_fixtures/n_folder/www/a.txt', 436, 420 ]
324 silly gunzTarPerm extractEntry tests/sorting_fixtures/n_folder/z.txt
325 silly gunzTarPerm modified mode [ 'tests/sorting_fixtures/n_folder/z.txt', 436, 420 ]
326 silly gunzTarPerm extractEntry tests/sorting_fixtures/p.txt
327 silly gunzTarPerm modified mode [ 'tests/sorting_fixtures/p.txt', 436, 420 ]
328 silly gunzTarPerm extractEntry tests/sorting_fixtures/p_folder/
329 silly gunzTarPerm modified mode [ 'tests/sorting_fixtures/p_folder/', 509, 493 ]
330 silly gunzTarPerm extractEntry tests/sorting_fixtures/p_folder/a.txt
331 silly gunzTarPerm modified mode [ 'tests/sorting_fixtures/p_folder/a.txt', 436, 420 ]
332 silly gunzTarPerm extractEntry tests/sorting_fixtures/p_folder/b_folder/
333 silly gunzTarPerm modified mode [ 'tests/sorting_fixtures/p_folder/b_folder/', 509, 493 ]
334 silly gunzTarPerm extractEntry tests/sorting_fixtures/p_folder/b_folder/l.txt
335 silly gunzTarPerm modified mode [ 'tests/sorting_fixtures/p_folder/b_folder/l.txt', 436, 420 ]
336 silly gunzTarPerm extractEntry tests/sorting_fixtures/p_folder/c.txt
337 silly gunzTarPerm modified mode [ 'tests/sorting_fixtures/p_folder/c.txt', 436, 420 ]
338 silly gunzTarPerm extractEntry tests/sorting_fixtures/t.json
339 silly gunzTarPerm modified mode [ 'tests/sorting_fixtures/t.json', 436, 420 ]
340 silly gunzTarPerm extractEntry tests/sorting_fixtures/æ.txt
341 silly gunzTarPerm modified mode [ 'tests/sorting_fixtures/æ.txt', 436, 420 ]
342 silly gunzTarPerm extractEntry tests/sorting_test.js
343 silly gunzTarPerm modified mode [ 'tests/sorting_test.js', 436, 420 ]
344 silly gunzTarPerm extractEntry tests/test_helpers.js
345 silly gunzTarPerm modified mode [ 'tests/test_helpers.js', 436, 420 ]
346 silly gunzTarPerm extractEntry tests/test_runner.js
347 silly gunzTarPerm modified mode [ 'tests/test_runner.js', 436, 420 ]
348 warn excluding symbolic link tests/filelist_fixtures/symlink-to-1.txt -> 1.txt
349 warn excluding symbolic link tests/filelist_fixtures/symlink-to-nowhere.txt -> nowhere.txt
350 warn excluding symbolic link tests/search_fixtures/symlink-to-file1.txt -> file1.txt
351 silly lockFile 796496c0-hub-com-c9-nak-tarball-c9-unpack tar:///var/folders/h7/ggx_9sb57531cjtjbhrf2l8c0000gp/T/npm-8486-yi1emfC5/github.com/c9/nak/tarball/c9-unpack
352 silly lockFile 796496c0-hub-com-c9-nak-tarball-c9-unpack tar:///var/folders/h7/ggx_9sb57531cjtjbhrf2l8c0000gp/T/npm-8486-yi1emfC5/github.com/c9/nak/tarball/c9-unpack
353 silly lockFile 142dd23f-fC5-github-com-c9-nak-tarball-c9 tar:///var/folders/h7/ggx_9sb57531cjtjbhrf2l8c0000gp/T/npm-8486-yi1emfC5/github.com/c9/nak/tarball/c9
354 silly lockFile 142dd23f-fC5-github-com-c9-nak-tarball-c9 tar:///var/folders/h7/ggx_9sb57531cjtjbhrf2l8c0000gp/T/npm-8486-yi1emfC5/github.com/c9/nak/tarball/c9
355 silly lockFile 931e8288-tps-github-com-c9-nak-tarball-c9 https://github.com/c9/nak/tarball/c9
356 silly lockFile 931e8288-tps-github-com-c9-nak-tarball-c9 https://github.com/c9/nak/tarball/c9
357 info already installed nak@0.3.3
358 silly resolved []
359 info build /Users/danbradley/Documents/c9v3
360 verbose linkStuff [ false, false, false, '/Users/danbradley/Documents' ]
361 info linkStuff c9@3.0.645
362 verbose linkBins c9@3.0.645
363 verbose linkMans c9@3.0.645
364 verbose rebuildBundles c9@3.0.645
365 verbose rebuildBundles [ '.bin',
365 verbose rebuildBundles   'ace',
365 verbose rebuildBundles   'ace_tree',
365 verbose rebuildBundles   'amd-loader',
365 verbose rebuildBundles   'amqp',
365 verbose rebuildBundles   'analytics-node',
365 verbose rebuildBundles   'architect',
365 verbose rebuildBundles   'architect-build',
365 verbose rebuildBundles   'async',
365 verbose rebuildBundles   'asyncjs',
365 verbose rebuildBundles   'autoprefixer-core',
365 verbose rebuildBundles   'base64id',
365 verbose rebuildBundles   'c9',
365 verbose rebuildBundles   'chai',
365 verbose rebuildBundles   'connect',
365 verbose rebuildBundles   'connect-architect',
365 verbose rebuildBundles   'connect-ensure-login',
365 verbose rebuildBundles   'connect-flash',
365 verbose rebuildBundles   'connect-redis',
365 verbose rebuildBundles   'cookie',
365 verbose rebuildBundles   'cookie-signature',
365 verbose rebuildBundles   'debug',
365 verbose rebuildBundles   'dockerode',
365 verbose rebuildBundles   'dogapi',
365 verbose rebuildBundles   'ejs',
365 verbose rebuildBundles   'email-validator',
365 verbose rebuildBundles   'engine.io',
365 verbose rebuildBundles   'engine.io-client',
365 verbose rebuildBundles   'fluent-logger',
365 verbose rebuildBundles   'formidable',
365 verbose rebuildBundles   'frontdoor',
365 verbose rebuildBundles   'heapdump',
365 verbose rebuildBundles   'http-error',
365 verbose rebuildBundles   'http-proxy',
365 verbose rebuildBundles   'isbinaryfile',
365 verbose rebuildBundles   'jsdom',
365 verbose rebuildBundles   'kaefer',
365 verbose rebuildBundles   'less',
365 verbose rebuildBundles   'lodash',
365 verbose rebuildBundles   'lru-cache',
365 verbose rebuildBundles   'mime',
365 verbose rebuildBundles   'minimatch',
365 verbose rebuildBundles   'mkdirp',
365 verbose rebuildBundles   'mocha',
365 verbose rebuildBundles   'moment',
365 verbose rebuildBundles   'mongoose',
365 verbose rebuildBundles   'msgpack-js',
365 verbose rebuildBundles   'msgpack-js-browser',
365 verbose rebuildBundles   'nak',
365 verbose rebuildBundles   'netutil',
365 verbose rebuildBundles   'nock',
365 verbose rebuildBundles   'node-dogstatsd',
365 verbose rebuildBundles   'node-jsx',
365 verbose rebuildBundles   'node-proxy',
365 verbose rebuildBundles   'node-uuid',
365 verbose rebuildBundles   'nopt',
365 verbose rebuildBundles   'oauth2orize',
365 verbose rebuildBundles   'optimist',
365 verbose rebuildBundles   'passport',
365 verbose rebuildBundles   'passport-bitbucket',
365 verbose rebuildBundles   'passport-github',
365 verbose rebuildBundles   'passport-http',
365 verbose rebuildBundles   'passport-http-bearer',
365 verbose rebuildBundles   'passport-local',
365 verbose rebuildBundles   'passport-oauth',
365 verbose rebuildBundles   'passport-oauth2-client-password',
365 verbose rebuildBundles   'pty.js',
365 verbose rebuildBundles   'qs',
365 verbose rebuildBundles   'raygun',
365 verbose rebuildBundles   'react',
365 verbose rebuildBundles   'redis',
365 verbose rebuildBundles   'request',
365 verbose rebuildBundles   'requirejs',
365 verbose rebuildBundles   'restify',
365 verbose rebuildBundles   'restler',
365 verbose rebuildBundles   'rusha',
365 verbose rebuildBundles   'send',
365 verbose rebuildBundles   'sequelize',
365 verbose rebuildBundles   'sigmund',
365 verbose rebuildBundles   'simple-mime',
365 verbose rebuildBundles   'simple-template',
365 verbose rebuildBundles   'simplefunc',
365 verbose rebuildBundles   'sinon',
365 verbose rebuildBundles   'smith',
365 verbose rebuildBundles   'soap',
365 verbose rebuildBundles   'source-map',
365 verbose rebuildBundles   'sqlite3',
365 verbose rebuildBundles   'stack',
365 verbose rebuildBundles   'stripe',
365 verbose rebuildBundles   'through',
365 verbose rebuildBundles   'tmp',
365 verbose rebuildBundles   'treehugger',
365 verbose rebuildBundles   'ua-parser-js',
365 verbose rebuildBundles   'uglify-js',
365 verbose rebuildBundles   'ui',
365 verbose rebuildBundles   'underscore',
365 verbose rebuildBundles   'vfs-child',
365 verbose rebuildBundles   'vfs-http-adapter',
365 verbose rebuildBundles   'vfs-lint',
365 verbose rebuildBundles   'vfs-local',
365 verbose rebuildBundles   'vfs-nodefs-adapter',
365 verbose rebuildBundles   'vfs-socket',
365 verbose rebuildBundles   'vfs-ssh',
365 verbose rebuildBundles   'wd',
365 verbose rebuildBundles   'ws',
365 verbose rebuildBundles   'xml2js',
365 verbose rebuildBundles   'xmlhttprequest',
365 verbose rebuildBundles   'zuora' ]
366 verbose rebuild bundle /Users/danbradley/Documents/c9v3/node_modules/ui
367 verbose rebuild bundle /Users/danbradley/Documents/c9v3/node_modules/vfs-local
368 info build /Users/danbradley/Documents/c9v3/node_modules/vfs-local
369 info preinstall vfs-local@0.3.13
370 verbose linkStuff [ false,
370 verbose linkStuff   false,
370 verbose linkStuff   false,
370 verbose linkStuff   '/Users/danbradley/Documents/c9v3/node_modules' ]
371 info linkStuff vfs-local@0.3.13
372 verbose linkBins vfs-local@0.3.13
373 verbose linkMans vfs-local@0.3.13
374 verbose rebuildBundles vfs-local@0.3.13
375 info install vfs-local@0.3.13
376 info postinstall vfs-local@0.3.13
377 info install c9@3.0.645
378 info postinstall c9@3.0.645
379 verbose unsafe-perm in lifecycle true
380 info c9@3.0.645 Failed to exec postinstall script
381 error c9@3.0.645 postinstall: `cd node_modules/pty.js; npm install; cd ../oldclient; npm install`
381 error Exit status 1
382 error Failed at the c9@3.0.645 postinstall script.
382 error This is most likely a problem with the c9 package,
382 error not with npm itself.
382 error Tell the author that this fails on your system:
382 error     cd node_modules/pty.js; npm install; cd ../oldclient; npm install
382 error You can get their info via:
382 error     npm owner ls c9
382 error There is likely additional logging output above.
383 error System Darwin 13.4.0
384 error command "node" "/usr/local/bin/npm" "install"
385 error cwd /Users/danbradley/Documents/c9v3
386 error node -v v0.10.33
387 error npm -v 1.4.28
388 error code ELIFECYCLE
389 verbose exit [ 1, true ]
